2025-03-19T18:44:22: PM2 log: ===============================================================================
2025-03-19T18:44:22: PM2 log: --- New PM2 Daemon started ----------------------------------------------------
2025-03-19T18:44:22: PM2 log: Time                 : Wed Mar 19 2025 18:44:22 GMT+0800 (China Standard Time)
2025-03-19T18:44:22: PM2 log: PM2 version          : 5.4.3
2025-03-19T18:44:22: PM2 log: Node.js version      : 22.14.0
2025-03-19T18:44:22: PM2 log: Current arch         : x64
2025-03-19T18:44:22: PM2 log: PM2 home             : Tele-bot
2025-03-19T18:44:22: PM2 log: PM2 PID file         : C:\Users\Administrator\Bot-ku\Tele-bot\pm2.pid
2025-03-19T18:44:22: PM2 log: RPC socket file      : \\.\pipe\rpc.sock
2025-03-19T18:44:22: PM2 log: BUS socket file      : \\.\pipe\pub.sock
2025-03-19T18:44:22: PM2 log: Application log path : C:\Users\Administrator\Bot-ku\Tele-bot\logs
2025-03-19T18:44:22: PM2 log: Worker Interval      : 30000
2025-03-19T18:44:22: PM2 log: Process dump file    : C:\Users\Administrator\Bot-ku\Tele-bot\dump.pm2
2025-03-19T18:44:22: PM2 log: Concurrent actions   : 2
2025-03-19T18:44:22: PM2 log: SIGTERM timeout      : 1600
2025-03-19T18:44:22: PM2 log: ===============================================================================
2025-03-19T18:44:22: PM2 log: App [botku:0] starting in -fork mode-
2025-03-19T18:44:22: PM2 log: App [botku:0] online
2025-03-19T18:49:26: PM2 log: App [botku:0] exited with code [0] via signal [SIGINT]
2025-03-19T18:49:26: PM2 log: App [botku:0] starting in -fork mode-
2025-03-19T18:49:26: PM2 log: App [botku:0] online
2025-03-19T18:52:35: PM2 log: Stopping app:botku id:0
2025-03-19T18:52:35: PM2 log: App [botku:0] exited with code [1] via signal [SIGINT]
2025-03-19T18:52:35: PM2 log: pid=6564 msg=process killed
